<?xml version="1.0" encoding="UTF-8"?>
<!-- Generated by org.testng.reporters.JUnitReportReporter -->
<testsuite hostname="LAPTOP-N2BE1DCI" failures="0" tests="3" name="Tests.SubmitOrderTest" time="29.721" errors="0" timestamp="2025-04-16T21:03:46 IST" skipped="0">
  <testcase classname="Tests.SubmitOrderTest" name="submitOrder" time="14.570"/>
  <testcase classname="Tests.SubmitOrderTest" name="OrderHistoryTest" time="4.543"/>
  <testcase classname="Tests.SubmitOrderTest" name="submitOrder" time="10.608"/>
</testsuite> <!-- Tests.SubmitOrderTest -->
