<?xml version="1.0" encoding="UTF-8"?>
<!-- Generated by org.testng.reporters.JUnitReportReporter -->
<testsuite hostname="LAPTOP-N2BE1DCI" failures="0" tests="2" name="Tests.ErrorValidationsTest" time="10.311" errors="0" timestamp="2025-04-18T07:39:06 IST" skipped="0">
  <testcase classname="Tests.ErrorValidationsTest" name="LoginErrorValidation" time="4.214"/>
  <testcase classname="Tests.ErrorValidationsTest" name="ProductErrorValidation" time="6.097"/>
</testsuite> <!-- Tests.ErrorValidationsTest -->
