<?xml version="1.0" encoding="UTF-8"?>
<!-- Generated by org.testng.reporters.JUnitReportReporter -->
<testsuite hostname="LAPTOP-N2BE1DCI" failures="0" tests="1" name="ExtentReports.ExtentReportDemo$DemoTest" time="9.661" errors="0" timestamp="2025-04-15T08:04:30 IST" skipped="0">
  <testcase classname="ExtentReports.ExtentReportDemo$DemoTest" name="initialDemo" time="9.661"/>
</testsuite> <!-- ExtentReports.ExtentReportDemo$DemoTest -->
