<?xml version="1.0" encoding="UTF-8"?>
<!-- Generated by org.testng.reporters.JUnitReportReporter -->
<testsuite hostname="LAPTOP-N2BE1DCI" failures="0" tests="1" name="Cucumber.TestNGTestRunner" time="21.522" errors="0" timestamp="2025-04-18T07:48:53 IST" skipped="0">
  <testcase classname="Cucumber.TestNGTestRunner" name="runScenario" time="21.522"/>
</testsuite> <!-- Cucumber.TestNGTestRunner -->
