<?xml version="1.0" encoding="UTF-8"?>
<!-- Generated by org.testng.reporters.JUnitReportReporter -->
<testsuite hostname="LAPTOP-N2BE1DCI" failures="0" tests="2" name="Tests.ErrorValidationsTest" time="21.320" errors="0" timestamp="2025-04-16T21:00:56 IST" skipped="0">
  <testcase classname="Tests.ErrorValidationsTest" name="LoginErrorValidation" time="9.752"/>
  <testcase classname="Tests.ErrorValidationsTest" name="ProductErrorValidation" time="11.568"/>
</testsuite> <!-- Tests.ErrorValidationsTest -->
